<?xml version="1.0" encoding="UTF-8"?>
<!-- Generated by org.testng.reporters.JUnitReportReporter -->
<testsuite hostname="DESKTOP-C3H4VQE" failures="0" tests="1" name="Tests.TestAmazonWebsite" time="97.702" errors="0" timestamp="2023-07-12T03:02:01 EET" skipped="0">
  <testcase classname="Tests.TestAmazonWebsite" name="UserCanclickAllSuccessfully" time="97.702"/>
  <system-out/>
</testsuite> <!-- Tests.TestAmazonWebsite -->
